Traceback (most recent call last):
  File "C:\Users\MARTN~1\miniconda3\envs\scratch\Lib\site-packages\jupyter_core\utils\__init__.py", line 154, in wrapped
    asyncio.get_running_loop()
    ~~~~~~~~~~~~~~~~~~~~~~~~^^
RuntimeError: no running event loop

During handling of the above exception, another exception occurred:

Traceback (most recent call last):
  File "C:\Users\MARTN~1\miniconda3\envs\scratch\Lib\site-packages\jupyter_cache\executors\utils.py", line 58, in single_nb_execution
    executenb(
    ~~~~~~~~~^
        nb,
        ^^^
    ...<4 lines>...
        **kwargs,
        ^^^^^^^^^
    )
    ^
  File "C:\Users\MARTN~1\miniconda3\envs\scratch\Lib\site-packages\nbclient\client.py", line 1319, in execute
    return NotebookClient(nb=nb, resources=resources, km=km, **kwargs).execute()
           ~~~~~~~~~~~~~~~~~~~~~~~~~~~~~~~~~~~~~~~~~~~~~~~~~~~~~~~~~~~~~~~~~~~^^
  File "C:\Users\MARTN~1\miniconda3\envs\scratch\Lib\site-packages\jupyter_core\utils\__init__.py", line 158, in wrapped
    return loop.run_until_complete(inner)
           ~~~~~~~~~~~~~~~~~~~~~~~^^^^^^^
  File "C:\Users\MARTN~1\miniconda3\envs\scratch\Lib\asyncio\base_events.py", line 725, in run_until_complete
    return future.result()
           ~~~~~~~~~~~~~^^
  File "C:\Users\MARTN~1\miniconda3\envs\scratch\Lib\site-packages\nbclient\client.py", line 709, in async_execute
    await self.async_execute_cell(
        cell, index, execution_count=self.code_cells_executed + 1
    )
  File "C:\Users\MARTN~1\miniconda3\envs\scratch\Lib\site-packages\nbclient\client.py", line 1062, in async_execute_cell
    await self._check_raise_for_error(cell, cell_index, exec_reply)
  File "C:\Users\MARTN~1\miniconda3\envs\scratch\Lib\site-packages\nbclient\client.py", line 918, in _check_raise_for_error
    raise CellExecutionError.from_cell_and_msg(cell, exec_reply_content)
nbclient.exceptions.CellExecutionError: An error occurred while executing the following cell:
------------------
from sklearn.datasets import fetch_openml
mnist = fetch_openml('mnist_784', version=1)
digits = np.eye(10)
X = np.array(mnist.data / 255.0)
Y = np.array([digits[y] for y in mnist.target.astype(int)])
------------------

----- stderr -----
C:\Users\MARTN~1\miniconda3\envs\scratch\Lib\site-packages\sklearn\datasets\_openml.py:109: UserWarning: A network error occurred while downloading https://api.openml.org/api/v1/json/data/list/data_name/mnist_784/limit/2/data_version/1. Retrying...
  warn(
------------------

[31m---------------------------------------------------------------------------[39m
[31mConnectionRefusedError[39m                    Traceback (most recent call last)
[36mFile [39m[32mC:\Users\MARTN~1\miniconda3\envs\scratch\Lib\urllib\request.py:1319[39m, in [36mAbstractHTTPHandler.do_open[39m[34m(self, http_class, req, **http_conn_args)[39m
[32m   1318[39m [38;5;28;01mtry[39;00m:
[32m-> [39m[32m1319[39m     [43mh[49m[43m.[49m[43mrequest[49m[43m([49m[43mreq[49m[43m.[49m[43mget_method[49m[43m([49m[43m)[49m[43m,[49m[43m [49m[43mreq[49m[43m.[49m[43mselector[49m[43m,[49m[43m [49m[43mreq[49m[43m.[49m[43mdata[49m[43m,[49m[43m [49m[43mheaders[49m[43m,[49m
[32m   1320[39m [43m              [49m[43mencode_chunked[49m[43m=[49m[43mreq[49m[43m.[49m[43mhas_header[49m[43m([49m[33;43m'[39;49m[33;43mTransfer-encoding[39;49m[33;43m'[39;49m[43m)[49m[43m)[49m
[32m   1321[39m [38;5;28;01mexcept[39;00m [38;5;167;01mOSError[39;00m [38;5;28;01mas[39;00m err: [38;5;66;03m# timeout error[39;00m

[36mFile [39m[32mC:\Users\MARTN~1\miniconda3\envs\scratch\Lib\http\client.py:1338[39m, in [36mHTTPConnection.request[39m[34m(self, method, url, body, headers, encode_chunked)[39m
[32m   1337[39m [38;5;250m[39m[33;03m"""Send a complete request to the server."""[39;00m
[32m-> [39m[32m1338[39m [38;5;28;43mself[39;49m[43m.[49m[43m_send_request[49m[43m([49m[43mmethod[49m[43m,[49m[43m [49m[43murl[49m[43m,[49m[43m [49m[43mbody[49m[43m,[49m[43m [49m[43mheaders[49m[43m,[49m[43m [49m[43mencode_chunked[49m[43m)[49m

[36mFile [39m[32mC:\Users\MARTN~1\miniconda3\envs\scratch\Lib\http\client.py:1384[39m, in [36mHTTPConnection._send_request[39m[34m(self, method, url, body, headers, encode_chunked)[39m
[32m   1383[39m     body = _encode(body, [33m'[39m[33mbody[39m[33m'[39m)
[32m-> [39m[32m1384[39m [38;5;28;43mself[39;49m[43m.[49m[43mendheaders[49m[43m([49m[43mbody[49m[43m,[49m[43m [49m[43mencode_chunked[49m[43m=[49m[43mencode_chunked[49m[43m)[49m

[36mFile [39m[32mC:\Users\MARTN~1\miniconda3\envs\scratch\Lib\http\client.py:1333[39m, in [36mHTTPConnection.endheaders[39m[34m(self, message_body, encode_chunked)[39m
[32m   1332[39m     [38;5;28;01mraise[39;00m CannotSendHeader()
[32m-> [39m[32m1333[39m [38;5;28;43mself[39;49m[43m.[49m[43m_send_output[49m[43m([49m[43mmessage_body[49m[43m,[49m[43m [49m[43mencode_chunked[49m[43m=[49m[43mencode_chunked[49m[43m)[49m

[36mFile [39m[32mC:\Users\MARTN~1\miniconda3\envs\scratch\Lib\http\client.py:1093[39m, in [36mHTTPConnection._send_output[39m[34m(self, message_body, encode_chunked)[39m
[32m   1092[39m [38;5;28;01mdel[39;00m [38;5;28mself[39m._buffer[:]
[32m-> [39m[32m1093[39m [38;5;28;43mself[39;49m[43m.[49m[43msend[49m[43m([49m[43mmsg[49m[43m)[49m
[32m   1095[39m [38;5;28;01mif[39;00m message_body [38;5;129;01mis[39;00m [38;5;129;01mnot[39;00m [38;5;28;01mNone[39;00m:
[32m   1096[39m 
[32m   1097[39m     [38;5;66;03m# create a consistent interface to message_body[39;00m

[36mFile [39m[32mC:\Users\MARTN~1\miniconda3\envs\scratch\Lib\http\client.py:1037[39m, in [36mHTTPConnection.send[39m[34m(self, data)[39m
[32m   1036[39m [38;5;28;01mif[39;00m [38;5;28mself[39m.auto_open:
[32m-> [39m[32m1037[39m     [38;5;28;43mself[39;49m[43m.[49m[43mconnect[49m[43m([49m[43m)[49m
[32m   1038[39m [38;5;28;01melse[39;00m:

[36mFile [39m[32mC:\Users\MARTN~1\miniconda3\envs\scratch\Lib\http\client.py:1472[39m, in [36mHTTPSConnection.connect[39m[34m(self)[39m
[32m   1470[39m [33m"[39m[33mConnect to a host on a given (SSL) port.[39m[33m"[39m
[32m-> [39m[32m1472[39m [38;5;28;43msuper[39;49m[43m([49m[43m)[49m[43m.[49m[43mconnect[49m[43m([49m[43m)[49m
[32m   1474[39m [38;5;28;01mif[39;00m [38;5;28mself[39m._tunnel_host:

[36mFile [39m[32mC:\Users\MARTN~1\miniconda3\envs\scratch\Lib\http\client.py:1003[39m, in [36mHTTPConnection.connect[39m[34m(self)[39m
[32m   1002[39m sys.audit([33m"[39m[33mhttp.client.connect[39m[33m"[39m, [38;5;28mself[39m, [38;5;28mself[39m.host, [38;5;28mself[39m.port)
[32m-> [39m[32m1003[39m [38;5;28mself[39m.sock = [38;5;28;43mself[39;49m[43m.[49m[43m_create_connection[49m[43m([49m
[32m   1004[39m [43m    [49m[43m([49m[38;5;28;43mself[39;49m[43m.[49m[43mhost[49m[43m,[49m[38;5;28;43mself[39;49m[43m.[49m[43mport[49m[43m)[49m[43m,[49m[43m [49m[38;5;28;43mself[39;49m[43m.[49m[43mtimeout[49m[43m,[49m[43m [49m[38;5;28;43mself[39;49m[43m.[49m[43msource_address[49m[43m)[49m
[32m   1005[39m [38;5;66;03m# Might fail in OSs that don't implement TCP_NODELAY[39;00m

[36mFile [39m[32mC:\Users\MARTN~1\miniconda3\envs\scratch\Lib\socket.py:864[39m, in [36mcreate_connection[39m[34m(address, timeout, source_address, all_errors)[39m
[32m    863[39m [38;5;28;01mif[39;00m [38;5;129;01mnot[39;00m all_errors:
[32m--> [39m[32m864[39m     [38;5;28;01mraise[39;00m exceptions[[32m0[39m]
[32m    865[39m [38;5;28;01mraise[39;00m ExceptionGroup([33m"[39m[33mcreate_connection failed[39m[33m"[39m, exceptions)

[36mFile [39m[32mC:\Users\MARTN~1\miniconda3\envs\scratch\Lib\socket.py:849[39m, in [36mcreate_connection[39m[34m(address, timeout, source_address, all_errors)[39m
[32m    848[39m     sock.bind(source_address)
[32m--> [39m[32m849[39m [43msock[49m[43m.[49m[43mconnect[49m[43m([49m[43msa[49m[43m)[49m
[32m    850[39m [38;5;66;03m# Break explicitly a reference cycle[39;00m

[31mConnectionRefusedError[39m: [WinError 10061] No se puede establecer una conexiÃ³n ya que el equipo de destino denegÃ³ expresamente dicha conexiÃ³n

During handling of the above exception, another exception occurred:

[31mURLError[39m                                  Traceback (most recent call last)
[36mCell[39m[36m [39m[32mIn[10][39m[32m, line 2[39m
[32m      1[39m [38;5;28;01mfrom[39;00m[38;5;250m [39m[34;01msklearn[39;00m[34;01m.[39;00m[34;01mdatasets[39;00m[38;5;250m [39m[38;5;28;01mimport[39;00m fetch_openml
[32m----> [39m[32m2[39m mnist = [43mfetch_openml[49m[43m([49m[33;43m'[39;49m[33;43mmnist_784[39;49m[33;43m'[39;49m[43m,[49m[43m [49m[43mversion[49m[43m=[49m[32;43m1[39;49m[43m)[49m
[32m      3[39m digits = np.eye([32m10[39m)
[32m      4[39m X = np.array(mnist.data / [32m255.0[39m)

[36mFile [39m[32mC:\Users\MARTN~1\miniconda3\envs\scratch\Lib\site-packages\sklearn\utils\_param_validation.py:218[39m, in [36mvalidate_params.<locals>.decorator.<locals>.wrapper[39m[34m(*args, **kwargs)[39m
[32m    212[39m [38;5;28;01mtry[39;00m:
[32m    213[39m     [38;5;28;01mwith[39;00m config_context(
[32m    214[39m         skip_parameter_validation=(
[32m    215[39m             prefer_skip_nested_validation [38;5;129;01mor[39;00m global_skip_validation
[32m    216[39m         )
[32m    217[39m     ):
[32m--> [39m[32m218[39m         [38;5;28;01mreturn[39;00m [43mfunc[49m[43m([49m[43m*[49m[43margs[49m[43m,[49m[43m [49m[43m*[49m[43m*[49m[43mkwargs[49m[43m)[49m
[32m    219[39m [38;5;28;01mexcept[39;00m InvalidParameterError [38;5;28;01mas[39;00m e:
[32m    220[39m     [38;5;66;03m# When the function is just a wrapper around an estimator, we allow[39;00m
[32m    221[39m     [38;5;66;03m# the function to delegate validation to the estimator, but we replace[39;00m
[32m    222[39m     [38;5;66;03m# the name of the estimator by the name of the function in the error[39;00m
[32m    223[39m     [38;5;66;03m# message to avoid confusion.[39;00m
[32m    224[39m     msg = re.sub(
[32m    225[39m         [33mr[39m[33m"[39m[33mparameter of [39m[33m\[39m[33mw+ must be[39m[33m"[39m,
[32m    226[39m         [33mf[39m[33m"[39m[33mparameter of [39m[38;5;132;01m{[39;00mfunc.[34m__qualname__[39m[38;5;132;01m}[39;00m[33m must be[39m[33m"[39m,
[32m    227[39m         [38;5;28mstr[39m(e),
[32m    228[39m     )

[36mFile [39m[32mC:\Users\MARTN~1\miniconda3\envs\scratch\Lib\site-packages\sklearn\datasets\_openml.py:1016[39m, in [36mfetch_openml[39m[34m(name, version, data_id, data_home, target_column, cache, return_X_y, as_frame, n_retries, delay, parser, read_csv_kwargs)[39m
[32m   1010[39m     [38;5;28;01mif[39;00m data_id [38;5;129;01mis[39;00m [38;5;129;01mnot[39;00m [38;5;28;01mNone[39;00m:
[32m   1011[39m         [38;5;28;01mraise[39;00m [38;5;167;01mValueError[39;00m(
[32m   1012[39m             [33m"[39m[33mDataset data_id=[39m[38;5;132;01m{}[39;00m[33m and name=[39m[38;5;132;01m{}[39;00m[33m passed, but you can only [39m[33m"[39m
[32m   1013[39m             [33m"[39m[33mspecify a numeric data_id or a name, not [39m[33m"[39m
[32m   1014[39m             [33m"[39m[33mboth.[39m[33m"[39m.format(data_id, name)
[32m   1015[39m         )
[32m-> [39m[32m1016[39m     data_info = [43m_get_data_info_by_name[49m[43m([49m
[32m   1017[39m [43m        [49m[43mname[49m[43m,[49m[43m [49m[43mversion[49m[43m,[49m[43m [49m[43mdata_home[49m[43m,[49m[43m [49m[43mn_retries[49m[43m=[49m[43mn_retries[49m[43m,[49m[43m [49m[43mdelay[49m[43m=[49m[43mdelay[49m
[32m   1018[39m [43m    [49m[43m)[49m
[32m   1019[39m     data_id = data_info[[33m"[39m[33mdid[39m[33m"[39m]
[32m   1020[39m [38;5;28;01melif[39;00m data_id [38;5;129;01mis[39;00m [38;5;129;01mnot[39;00m [38;5;28;01mNone[39;00m:
[32m   1021[39m     [38;5;66;03m# from the previous if statement, it is given that name is None[39;00m

[36mFile [39m[32mC:\Users\MARTN~1\miniconda3\envs\scratch\Lib\site-packages\sklearn\datasets\_openml.py:334[39m, in [36m_get_data_info_by_name[39m[34m(name, version, data_home, n_retries, delay)[39m
[32m    332[39m url = (_SEARCH_NAME + [33m"[39m[33m/data_version/[39m[38;5;132;01m{}[39;00m[33m"[39m).format(name, version)
[32m    333[39m [38;5;28;01mtry[39;00m:
[32m--> [39m[32m334[39m     json_data = [43m_get_json_content_from_openml_api[49m[43m([49m
[32m    335[39m [43m        [49m[43murl[49m[43m,[49m
[32m    336[39m [43m        [49m[43merror_message[49m[43m=[49m[38;5;28;43;01mNone[39;49;00m[43m,[49m
[32m    337[39m [43m        [49m[43mdata_home[49m[43m=[49m[43mdata_home[49m[43m,[49m
[32m    338[39m [43m        [49m[43mn_retries[49m[43m=[49m[43mn_retries[49m[43m,[49m
[32m    339[39m [43m        [49m[43mdelay[49m[43m=[49m[43mdelay[49m[43m,[49m
[32m    340[39m [43m    [49m[43m)[49m
[32m    341[39m [38;5;28;01mexcept[39;00m OpenMLError:
[32m    342[39m     [38;5;66;03m# we can do this in 1 function call if OpenML does not require the[39;00m
[32m    343[39m     [38;5;66;03m# specification of the dataset status (i.e., return datasets with a[39;00m
[32m    344[39m     [38;5;66;03m# given name / version regardless of active, deactivated, etc. )[39;00m
[32m    345[39m     [38;5;66;03m# TODO: feature request OpenML.[39;00m
[32m    346[39m     url += [33m"[39m[33m/status/deactivated[39m[33m"[39m

[36mFile [39m[32mC:\Users\MARTN~1\miniconda3\envs\scratch\Lib\site-packages\sklearn\datasets\_openml.py:251[39m, in [36m_get_json_content_from_openml_api[39m[34m(url, error_message, data_home, n_retries, delay)[39m
[32m    248[39m         [38;5;28;01mreturn[39;00m json.loads(response.read().decode([33m"[39m[33mutf-8[39m[33m"[39m))
[32m    250[39m [38;5;28;01mtry[39;00m:
[32m--> [39m[32m251[39m     [38;5;28;01mreturn[39;00m [43m_load_json[49m[43m([49m[43m)[49m
[32m    252[39m [38;5;28;01mexcept[39;00m HTTPError [38;5;28;01mas[39;00m error:
[32m    253[39m     [38;5;66;03m# 412 is an OpenML specific error code, indicating a generic error[39;00m
[32m    254[39m     [38;5;66;03m# (e.g., data not found)[39;00m
[32m    255[39m     [38;5;28;01mif[39;00m error.code != [32m412[39m:

[36mFile [39m[32mC:\Users\MARTN~1\miniconda3\envs\scratch\Lib\site-packages\sklearn\datasets\_openml.py:66[39m, in [36m_retry_with_clean_cache.<locals>.decorator.<locals>.wrapper[39m[34m(*args, **kw)[39m
[32m     64[39m     [38;5;28;01mreturn[39;00m f(*args, **kw)
[32m     65[39m [38;5;28;01mtry[39;00m:
[32m---> [39m[32m66[39m     [38;5;28;01mreturn[39;00m [43mf[49m[43m([49m[43m*[49m[43margs[49m[43m,[49m[43m [49m[43m*[49m[43m*[49m[43mkw[49m[43m)[49m
[32m     67[39m [38;5;28;01mexcept[39;00m URLError:
[32m     68[39m     [38;5;28;01mraise[39;00m

[36mFile [39m[32mC:\Users\MARTN~1\miniconda3\envs\scratch\Lib\site-packages\sklearn\datasets\_openml.py:246[39m, in [36m_get_json_content_from_openml_api.<locals>._load_json[39m[34m()[39m
[32m    243[39m [38;5;129m@_retry_with_clean_cache[39m(url, data_home=data_home)
[32m    244[39m [38;5;28;01mdef[39;00m[38;5;250m [39m[34m_load_json[39m():
[32m    245[39m     [38;5;28;01mwith[39;00m closing(
[32m--> [39m[32m246[39m         [43m_open_openml_url[49m[43m([49m[43murl[49m[43m,[49m[43m [49m[43mdata_home[49m[43m,[49m[43m [49m[43mn_retries[49m[43m=[49m[43mn_retries[49m[43m,[49m[43m [49m[43mdelay[49m[43m=[49m[43mdelay[49m[43m)[49m
[32m    247[39m     ) [38;5;28;01mas[39;00m response:
[32m    248[39m         [38;5;28;01mreturn[39;00m json.loads(response.read().decode([33m"[39m[33mutf-8[39m[33m"[39m))

[36mFile [39m[32mC:\Users\MARTN~1\miniconda3\envs\scratch\Lib\site-packages\sklearn\datasets\_openml.py:178[39m, in [36m_open_openml_url[39m[34m(url, data_home, n_retries, delay)[39m
[32m    171[39m [38;5;28;01mtry[39;00m:
[32m    172[39m     [38;5;66;03m# Create a tmpdir as a subfolder of dir_name where the final file will[39;00m
[32m    173[39m     [38;5;66;03m# be moved to if the download is successful. This guarantees that the[39;00m
[32m    174[39m     [38;5;66;03m# renaming operation to the final location is atomic to ensure the[39;00m
[32m    175[39m     [38;5;66;03m# concurrence safety of the dataset caching mechanism.[39;00m
[32m    176[39m     [38;5;28;01mwith[39;00m TemporaryDirectory([38;5;28mdir[39m=dir_name) [38;5;28;01mas[39;00m tmpdir:
[32m    177[39m         [38;5;28;01mwith[39;00m closing(
[32m--> [39m[32m178[39m             [43m_retry_on_network_error[49m[43m([49m[43mn_retries[49m[43m,[49m[43m [49m[43mdelay[49m[43m,[49m[43m [49m[43mreq[49m[43m.[49m[43mfull_url[49m[43m)[49m[43m([49m[43murlopen[49m[43m)[49m[43m([49m
[32m    179[39m [43m                [49m[43mreq[49m
[32m    180[39m [43m            [49m[43m)[49m
[32m    181[39m         ) [38;5;28;01mas[39;00m fsrc:
[32m    182[39m             opener: Callable
[32m    183[39m             [38;5;28;01mif[39;00m is_gzip_encoded(fsrc):

[36mFile [39m[32mC:\Users\MARTN~1\miniconda3\envs\scratch\Lib\site-packages\sklearn\datasets\_openml.py:102[39m, in [36m_retry_on_network_error.<locals>.decorator.<locals>.wrapper[39m[34m(*args, **kwargs)[39m
[32m    100[39m [38;5;28;01mwhile[39;00m [38;5;28;01mTrue[39;00m:
[32m    101[39m     [38;5;28;01mtry[39;00m:
[32m--> [39m[32m102[39m         [38;5;28;01mreturn[39;00m [43mf[49m[43m([49m[43m*[49m[43margs[49m[43m,[49m[43m [49m[43m*[49m[43m*[49m[43mkwargs[49m[43m)[49m
[32m    103[39m     [38;5;28;01mexcept[39;00m (URLError, [38;5;167;01mTimeoutError[39;00m) [38;5;28;01mas[39;00m e:
[32m    104[39m         [38;5;66;03m# 412 is a specific OpenML error code.[39;00m
[32m    105[39m         [38;5;28;01mif[39;00m [38;5;28misinstance[39m(e, HTTPError) [38;5;129;01mand[39;00m e.code == [32m412[39m:

[36mFile [39m[32mC:\Users\MARTN~1\miniconda3\envs\scratch\Lib\urllib\request.py:189[39m, in [36murlopen[39m[34m(url, data, timeout, context)[39m
[32m    187[39m [38;5;28;01melse[39;00m:
[32m    188[39m     opener = _opener
[32m--> [39m[32m189[39m [38;5;28;01mreturn[39;00m [43mopener[49m[43m.[49m[43mopen[49m[43m([49m[43murl[49m[43m,[49m[43m [49m[43mdata[49m[43m,[49m[43m [49m[43mtimeout[49m[43m)[49m

[36mFile [39m[32mC:\Users\MARTN~1\miniconda3\envs\scratch\Lib\urllib\request.py:489[39m, in [36mOpenerDirector.open[39m[34m(self, fullurl, data, timeout)[39m
[32m    486[39m     req = meth(req)
[32m    488[39m sys.audit([33m'[39m[33murllib.Request[39m[33m'[39m, req.full_url, req.data, req.headers, req.get_method())
[32m--> [39m[32m489[39m response = [38;5;28;43mself[39;49m[43m.[49m[43m_open[49m[43m([49m[43mreq[49m[43m,[49m[43m [49m[43mdata[49m[43m)[49m
[32m    491[39m [38;5;66;03m# post-process response[39;00m
[32m    492[39m meth_name = protocol+[33m"[39m[33m_response[39m[33m"[39m

[36mFile [39m[32mC:\Users\MARTN~1\miniconda3\envs\scratch\Lib\urllib\request.py:506[39m, in [36mOpenerDirector._open[39m[34m(self, req, data)[39m
[32m    503[39m     [38;5;28;01mreturn[39;00m result
[32m    505[39m protocol = req.type
[32m--> [39m[32m506[39m result = [38;5;28;43mself[39;49m[43m.[49m[43m_call_chain[49m[43m([49m[38;5;28;43mself[39;49m[43m.[49m[43mhandle_open[49m[43m,[49m[43m [49m[43mprotocol[49m[43m,[49m[43m [49m[43mprotocol[49m[43m [49m[43m+[49m
[32m    507[39m [43m                          [49m[33;43m'[39;49m[33;43m_open[39;49m[33;43m'[39;49m[43m,[49m[43m [49m[43mreq[49m[43m)[49m
[32m    508[39m [38;5;28;01mif[39;00m result:
[32m    509[39m     [38;5;28;01mreturn[39;00m result

[36mFile [39m[32mC:\Users\MARTN~1\miniconda3\envs\scratch\Lib\urllib\request.py:466[39m, in [36mOpenerDirector._call_chain[39m[34m(self, chain, kind, meth_name, *args)[39m
[32m    464[39m [38;5;28;01mfor[39;00m handler [38;5;129;01min[39;00m handlers:
[32m    465[39m     func = [38;5;28mgetattr[39m(handler, meth_name)
[32m--> [39m[32m466[39m     result = [43mfunc[49m[43m([49m[43m*[49m[43margs[49m[43m)[49m
[32m    467[39m     [38;5;28;01mif[39;00m result [38;5;129;01mis[39;00m [38;5;129;01mnot[39;00m [38;5;28;01mNone[39;00m:
[32m    468[39m         [38;5;28;01mreturn[39;00m result

[36mFile [39m[32mC:\Users\MARTN~1\miniconda3\envs\scratch\Lib\urllib\request.py:1367[39m, in [36mHTTPSHandler.https_open[39m[34m(self, req)[39m
[32m   1366[39m [38;5;28;01mdef[39;00m[38;5;250m [39m[34mhttps_open[39m([38;5;28mself[39m, req):
[32m-> [39m[32m1367[39m     [38;5;28;01mreturn[39;00m [38;5;28;43mself[39;49m[43m.[49m[43mdo_open[49m[43m([49m[43mhttp[49m[43m.[49m[43mclient[49m[43m.[49m[43mHTTPSConnection[49m[43m,[49m[43m [49m[43mreq[49m[43m,[49m
[32m   1368[39m [43m                        [49m[43mcontext[49m[43m=[49m[38;5;28;43mself[39;49m[43m.[49m[43m_context[49m[43m)[49m

[36mFile [39m[32mC:\Users\MARTN~1\miniconda3\envs\scratch\Lib\urllib\request.py:1322[39m, in [36mAbstractHTTPHandler.do_open[39m[34m(self, http_class, req, **http_conn_args)[39m
[32m   1319[39m         h.request(req.get_method(), req.selector, req.data, headers,
[32m   1320[39m                   encode_chunked=req.has_header([33m'[39m[33mTransfer-encoding[39m[33m'[39m))
[32m   1321[39m     [38;5;28;01mexcept[39;00m [38;5;167;01mOSError[39;00m [38;5;28;01mas[39;00m err: [38;5;66;03m# timeout error[39;00m
[32m-> [39m[32m1322[39m         [38;5;28;01mraise[39;00m URLError(err)
[32m   1323[39m     r = h.getresponse()
[32m   1324[39m [38;5;28;01mexcept[39;00m:

[31mURLError[39m: <urlopen error [WinError 10061] No se puede establecer una conexiÃ³n ya que el equipo de destino denegÃ³ expresamente dicha conexiÃ³n>

